<?xml version="1.0" encoding="UTF-8" ?>
<!DOCTYPE mapper
	PUBLIC "-//mybatis.org//DTD Mapper 3.0//EN"
	"http://mybatis.org/dtd/mybatis-3-mapper.dtd">
<mapper namespace="org.it.saan.member.model.TestDao">
<insert id="createOne" parameterType="java.lang.Integer">
		insert into itb values(100)
	</insert>
</mapper>